2025-11-12 19:33:37,356 [INFO] root: ============================================================
2025-11-12 19:33:37,356 [INFO] root: Keiba AI μモデル学習パイプライン開始
2025-11-12 19:33:37,356 [INFO] root: ============================================================
2025-11-12 19:33:37,357 [INFO] root: 学習期間: 2023-05-01 - 2023-05-31
2025-11-12 19:33:37,357 [ERROR] root: 特徴量リスト (feature_names.yaml) が見つかりません: data\features\parquet
2025-11-12 19:41:17,165 [INFO] root: ============================================================
2025-11-12 19:41:17,165 [INFO] root: Keiba AI μモデル学習パイプライン開始
2025-11-12 19:41:17,165 [INFO] root: ============================================================
2025-11-12 19:41:17,166 [INFO] root: 学習期間: 2023-05-01 - 2023-05-31
2025-11-12 19:41:17,167 [INFO] root: 33個の特徴量をロードしました
2025-11-12 19:41:17,167 [WARNING] root: Parquetファイルが見つかりません: C:\Users\zk-ht\Keiba\Keiba_AI_v2\keibaai\data\features\parquet
2025-11-12 19:41:17,168 [ERROR] root: 期間 2023-05-01 - 2023-05-31 の特徴量データが見つかりません。
2025-11-12 21:37:16,115 [INFO] root: ============================================================
2025-11-12 21:37:16,116 [INFO] root: Keiba AI μモデル学習パイプライン開始
2025-11-12 21:37:16,116 [INFO] root: ============================================================
2025-11-12 21:37:16,116 [INFO] root: 学習期間: 2023-05-01 - 2023-05-31
2025-11-12 21:37:16,117 [INFO] root: 33個の特徴量をロードしました
2025-11-12 21:37:16,117 [WARNING] root: Parquetファイルが見つかりません: C:\Users\zk-ht\Keiba\Keiba_AI_v2\keibaai\data\features\parquet
2025-11-12 21:37:16,118 [ERROR] root: 期間 2023-05-01 - 2023-05-31 の特徴量データが見つかりません。
2025-11-12 21:40:13,652 [INFO] root: ============================================================
2025-11-12 21:40:13,652 [INFO] root: Keiba AI μモデル学習パイプライン開始
2025-11-12 21:40:13,652 [INFO] root: ============================================================
2025-11-12 21:40:13,653 [INFO] root: 学習期間: 2023-05-01 - 2023-05-31
2025-11-12 21:40:13,659 [INFO] root: 21個の特徴量をロードしました
2025-11-12 21:40:13,659 [WARNING] root: Parquetファイルが見つかりません: C:\Users\zk-ht\Keiba\Keiba_AI_v2\keibaai\data\features\parquet
2025-11-12 21:40:13,660 [ERROR] root: 期間 2023-05-01 - 2023-05-31 の特徴量データが見つかりません。
2025-11-12 21:40:13,660 [ERROR] root: 検索パス: C:\Users\zk-ht\Keiba\Keiba_AI_v2\keibaai\data\features\parquet
2025-11-12 22:16:14,779 [INFO] root: ============================================================
2025-11-12 22:16:14,779 [INFO] root: Keiba AI μモデル学習パイプライン開始
2025-11-12 22:16:14,779 [INFO] root: ============================================================
2025-11-12 22:16:14,779 [INFO] root: 学習期間: 2023-05-01 - 2023-05-31
2025-11-12 22:16:14,781 [INFO] root: 21個の特徴量をロードしました
2025-11-12 22:16:14,781 [WARNING] root: Parquetファイルが見つかりません: C:\Users\zk-ht\Keiba\Keiba_AI_v2\keibaai\data\features\parquet
2025-11-12 22:16:14,782 [ERROR] root: 期間 2023-05-01 - 2023-05-31 の特徴量データが見つかりません。
2025-11-12 22:16:14,782 [ERROR] root: 検索パス: C:\Users\zk-ht\Keiba\Keiba_AI_v2\keibaai\data\features\parquet
2025-11-12 22:22:41,434 [INFO] root: ============================================================
2025-11-12 22:22:41,435 [INFO] root: Keiba AI μモデル学習パイプライン開始
2025-11-12 22:22:41,435 [INFO] root: ============================================================
2025-11-12 22:22:41,435 [INFO] root: 学習期間: 2023-05-01 - 2023-05-31
2025-11-12 22:22:41,437 [INFO] root: 21個の特徴量をロードしました
2025-11-12 22:22:41,512 [WARNING] root: 特徴量データに目的変数 (finish_position, finish_time_seconds) がありません。
2025-11-12 22:22:41,512 [WARNING] root: 元の 'races' Parquetデータからマージを試みます...
2025-11-12 22:22:41,520 [INFO] root: 目的変数のマージ完了。
2025-11-12 22:22:41,521 [INFO] root: 欠損値除去: 231行を除去しました。
2025-11-12 22:22:41,521 [INFO] root: 0行のデータで学習します。
2025-11-12 22:22:41,521 [ERROR] root: 欠損値を除去した結果、学習データが0行になりました。
2025-11-12 22:29:02,384 [INFO] root: ============================================================
2025-11-12 22:29:02,384 [INFO] root: Keiba AI μモデル学習パイプライン開始
2025-11-12 22:29:02,384 [INFO] root: ============================================================
2025-11-12 22:29:02,384 [INFO] root: 学習期間: 2023-05-01 - 2023-05-31
2025-11-12 22:29:02,386 [INFO] root: 21個の特徴量をロードしました
2025-11-12 22:29:02,451 [WARNING] root: 特徴量データに目的変数 (finish_position, finish_time_seconds) がありません。
2025-11-12 22:29:02,451 [WARNING] root: 元の 'races' Parquetデータからマージを試みます...
2025-11-12 22:29:02,459 [INFO] root: 目的変数のマージ完了。
2025-11-12 22:29:02,460 [INFO] root: 欠損値除去: 231行を除去しました。
2025-11-12 22:29:02,460 [INFO] root: 0行のデータで学習します。
2025-11-12 22:29:02,460 [ERROR] root: 欠損値を除去した結果、学習データが0行になりました。
