2025-11-12 00:57:43,484 - __main__ - INFO - スクレイピングパイプラインを開始します...
2025-11-12 00:57:43,484 - __main__ - INFO - レース情報のスクレイピングを開始...
2025-11-12 00:57:43,485 - src.modules.preparing._requests_utils - INFO - 開催日一覧のスクレイピングを開始します...
2025-11-12 00:57:43,485 - src.modules.preparing._requests_utils - WARNING - scrape_kaisai_dates は現在モック実装です。
2025-11-12 00:57:43,485 - src.modules.preparing._requests_utils - INFO - レースID一覧のスクレイピングを開始します...
2025-11-12 00:57:43,485 - src.modules.preparing._requests_utils - WARNING - scrape_race_id_list は現在、単一の存在するレースIDを返すテスト実装です。
2025-11-12 00:57:48,339 - src.modules.preparing._requests_utils - INFO - Successfully fetched HTML from https://db.netkeiba.com/race/202305020811
2025-11-12 00:57:48,341 - __main__ - INFO - race HTMLを保存しました: C:\Users\zk-ht\Keiba\Keiba_AI_v2\keibaai\data\raw\html\race\race_202305020811_20251112T005748+0900_sha256=0e511e63.html
2025-11-12 00:57:48,354 - __main__ - INFO - メタデータをデータベースに保存しました: https://db.netkeiba.com/race/202305020811
2025-11-12 00:57:56,012 - src.modules.preparing._requests_utils - INFO - Successfully fetched HTML from https://race.netkeiba.com/race/shutuba.html?race_id=202305020811
2025-11-12 00:57:56,014 - __main__ - INFO - shutuba HTMLを保存しました: C:\Users\zk-ht\Keiba\Keiba_AI_v2\keibaai\data\raw\html\shutuba\shutuba_202305020811_20251112T005756+0900_sha256=4cfeb609.html
2025-11-12 00:57:56,018 - __main__ - INFO - メタデータをデータベースに保存しました: https://race.netkeiba.com/race/shutuba.html?race_id=202305020811
2025-11-12 00:57:56,031 - __main__ - INFO - 出馬表から馬IDを取得...
2025-11-12 00:57:56,034 - root - INFO - 出馬表パース開始: C:\Users\zk-ht\Keiba\Keiba_AI_v2\keibaai\data\raw\html\shutuba\shutuba_202305020811_20251112T005756+0900_sha256=4cfeb609.html
2025-11-12 00:57:56,411 - root - INFO - 出馬表パース完了: C:\Users\zk-ht\Keiba\Keiba_AI_v2\keibaai\data\raw\html\shutuba\shutuba_202305020811_20251112T005756+0900_sha256=4cfeb609.html (16行)
2025-11-12 00:57:56,412 - __main__ - INFO - 16頭のユニークな馬IDを取得しました。
2025-11-12 00:57:56,412 - __main__ - INFO - 馬関連情報のスクレイピングを開始...
2025-11-12 00:58:03,178 - src.modules.preparing._requests_utils - INFO - Successfully fetched HTML from https://db.netkeiba.com/horse/2019105345
2025-11-12 00:58:03,179 - __main__ - INFO - horse HTMLを保存しました: C:\Users\zk-ht\Keiba\Keiba_AI_v2\keibaai\data\raw\html\horse\horse_2019105345_20251112T005803+0900_sha256=e02dd876.html
2025-11-12 00:58:03,181 - __main__ - INFO - メタデータをデータベースに保存しました: https://db.netkeiba.com/horse/2019105345
2025-11-12 00:58:08,280 - src.modules.preparing._requests_utils - INFO - Successfully fetched HTML from https://db.netkeiba.com/horse/ped/2019105345
2025-11-12 00:58:08,281 - __main__ - INFO - ped HTMLを保存しました: C:\Users\zk-ht\Keiba\Keiba_AI_v2\keibaai\data\raw\html\ped\ped_2019105345_20251112T005808+0900_sha256=18089c2a.html
2025-11-12 00:58:08,288 - __main__ - INFO - メタデータをデータベースに保存しました: https://db.netkeiba.com/horse/ped/2019105345
2025-11-12 00:58:11,673 - src.modules.preparing._requests_utils - INFO - Successfully fetched HTML from https://db.netkeiba.com/horse/2018101871
2025-11-12 00:58:11,675 - __main__ - INFO - horse HTMLを保存しました: C:\Users\zk-ht\Keiba\Keiba_AI_v2\keibaai\data\raw\html\horse\horse_2018101871_20251112T005811+0900_sha256=4ad9800f.html
2025-11-12 00:58:11,678 - __main__ - INFO - メタデータをデータベースに保存しました: https://db.netkeiba.com/horse/2018101871
2025-11-12 00:58:22,322 - src.modules.preparing._requests_utils - INFO - Successfully fetched HTML from https://db.netkeiba.com/horse/ped/2018101871
2025-11-12 00:58:22,324 - __main__ - INFO - ped HTMLを保存しました: C:\Users\zk-ht\Keiba\Keiba_AI_v2\keibaai\data\raw\html\ped\ped_2018101871_20251112T005822+0900_sha256=7568b270.html
2025-11-12 00:58:22,337 - __main__ - INFO - メタデータをデータベースに保存しました: https://db.netkeiba.com/horse/ped/2018101871
2025-11-12 00:58:26,452 - src.modules.preparing._requests_utils - INFO - Successfully fetched HTML from https://db.netkeiba.com/horse/2019105565
2025-11-12 00:58:26,455 - __main__ - INFO - horse HTMLを保存しました: C:\Users\zk-ht\Keiba\Keiba_AI_v2\keibaai\data\raw\html\horse\horse_2019105565_20251112T005826+0900_sha256=a15c3bdc.html
2025-11-12 00:58:26,457 - __main__ - INFO - メタデータをデータベースに保存しました: https://db.netkeiba.com/horse/2019105565
2025-11-12 00:58:30,174 - src.modules.preparing._requests_utils - INFO - Successfully fetched HTML from https://db.netkeiba.com/horse/ped/2019105565
2025-11-12 00:58:30,176 - __main__ - INFO - ped HTMLを保存しました: C:\Users\zk-ht\Keiba\Keiba_AI_v2\keibaai\data\raw\html\ped\ped_2019105565_20251112T005830+0900_sha256=ae3c09aa.html
2025-11-12 00:58:30,179 - __main__ - INFO - メタデータをデータベースに保存しました: https://db.netkeiba.com/horse/ped/2019105565
2025-11-12 00:58:35,205 - src.modules.preparing._requests_utils - INFO - Successfully fetched HTML from https://db.netkeiba.com/horse/2017102294
2025-11-12 00:58:35,207 - __main__ - INFO - horse HTMLを保存しました: C:\Users\zk-ht\Keiba\Keiba_AI_v2\keibaai\data\raw\html\horse\horse_2017102294_20251112T005835+0900_sha256=d84df314.html
2025-11-12 00:58:35,229 - __main__ - INFO - メタデータをデータベースに保存しました: https://db.netkeiba.com/horse/2017102294
2025-11-12 00:58:44,441 - src.modules.preparing._requests_utils - INFO - Successfully fetched HTML from https://db.netkeiba.com/horse/ped/2017102294
2025-11-12 00:58:44,443 - __main__ - INFO - ped HTMLを保存しました: C:\Users\zk-ht\Keiba\Keiba_AI_v2\keibaai\data\raw\html\ped\ped_2017102294_20251112T005844+0900_sha256=85eaf494.html
2025-11-12 00:58:44,446 - __main__ - INFO - メタデータをデータベースに保存しました: https://db.netkeiba.com/horse/ped/2017102294
2025-11-12 00:58:52,451 - src.modules.preparing._requests_utils - INFO - Successfully fetched HTML from https://db.netkeiba.com/horse/2018105355
2025-11-12 00:58:52,453 - __main__ - INFO - horse HTMLを保存しました: C:\Users\zk-ht\Keiba\Keiba_AI_v2\keibaai\data\raw\html\horse\horse_2018105355_20251112T005852+0900_sha256=8ed514f7.html
2025-11-12 00:58:52,456 - __main__ - INFO - メタデータをデータベースに保存しました: https://db.netkeiba.com/horse/2018105355
2025-11-12 00:59:01,984 - src.modules.preparing._requests_utils - INFO - Successfully fetched HTML from https://db.netkeiba.com/horse/ped/2018105355
2025-11-12 00:59:01,986 - __main__ - INFO - ped HTMLを保存しました: C:\Users\zk-ht\Keiba\Keiba_AI_v2\keibaai\data\raw\html\ped\ped_2018105355_20251112T005901+0900_sha256=50d71cd9.html
2025-11-12 00:59:02,002 - __main__ - INFO - メタデータをデータベースに保存しました: https://db.netkeiba.com/horse/ped/2018105355
2025-11-12 00:59:07,419 - src.modules.preparing._requests_utils - INFO - Successfully fetched HTML from https://db.netkeiba.com/horse/2018105554
2025-11-12 00:59:07,421 - __main__ - INFO - horse HTMLを保存しました: C:\Users\zk-ht\Keiba\Keiba_AI_v2\keibaai\data\raw\html\horse\horse_2018105554_20251112T005907+0900_sha256=256931c4.html
2025-11-12 00:59:07,434 - __main__ - INFO - メタデータをデータベースに保存しました: https://db.netkeiba.com/horse/2018105554
2025-11-12 00:59:12,379 - src.modules.preparing._requests_utils - INFO - Successfully fetched HTML from https://db.netkeiba.com/horse/ped/2018105554
2025-11-12 00:59:12,381 - __main__ - INFO - ped HTMLを保存しました: C:\Users\zk-ht\Keiba\Keiba_AI_v2\keibaai\data\raw\html\ped\ped_2018105554_20251112T005912+0900_sha256=9541867f.html
2025-11-12 00:59:12,384 - __main__ - INFO - メタデータをデータベースに保存しました: https://db.netkeiba.com/horse/ped/2018105554
2025-11-12 00:59:16,467 - src.modules.preparing._requests_utils - INFO - Successfully fetched HTML from https://db.netkeiba.com/horse/2017103201
2025-11-12 00:59:16,469 - __main__ - INFO - horse HTMLを保存しました: C:\Users\zk-ht\Keiba\Keiba_AI_v2\keibaai\data\raw\html\horse\horse_2017103201_20251112T005916+0900_sha256=58889afb.html
2025-11-12 00:59:16,471 - __main__ - INFO - メタデータをデータベースに保存しました: https://db.netkeiba.com/horse/2017103201
2025-11-12 00:59:21,092 - src.modules.preparing._requests_utils - INFO - Successfully fetched HTML from https://db.netkeiba.com/horse/ped/2017103201
2025-11-12 00:59:21,094 - __main__ - INFO - ped HTMLを保存しました: C:\Users\zk-ht\Keiba\Keiba_AI_v2\keibaai\data\raw\html\ped\ped_2017103201_20251112T005921+0900_sha256=3418a926.html
2025-11-12 00:59:21,107 - __main__ - INFO - メタデータをデータベースに保存しました: https://db.netkeiba.com/horse/ped/2017103201
2025-11-12 00:59:30,063 - src.modules.preparing._requests_utils - INFO - Successfully fetched HTML from https://db.netkeiba.com/horse/2019105213
2025-11-12 00:59:30,065 - __main__ - INFO - horse HTMLを保存しました: C:\Users\zk-ht\Keiba\Keiba_AI_v2\keibaai\data\raw\html\horse\horse_2019105213_20251112T005930+0900_sha256=48644f27.html
2025-11-12 00:59:30,068 - __main__ - INFO - メタデータをデータベースに保存しました: https://db.netkeiba.com/horse/2019105213
2025-11-12 00:59:33,927 - src.modules.preparing._requests_utils - INFO - Successfully fetched HTML from https://db.netkeiba.com/horse/ped/2019105213
2025-11-12 00:59:33,929 - __main__ - INFO - ped HTMLを保存しました: C:\Users\zk-ht\Keiba\Keiba_AI_v2\keibaai\data\raw\html\ped\ped_2019105213_20251112T005933+0900_sha256=01800906.html
2025-11-12 00:59:33,938 - __main__ - INFO - メタデータをデータベースに保存しました: https://db.netkeiba.com/horse/ped/2019105213
2025-11-12 00:59:40,173 - src.modules.preparing._requests_utils - INFO - Successfully fetched HTML from https://db.netkeiba.com/horse/2019103753
2025-11-12 00:59:40,175 - __main__ - INFO - horse HTMLを保存しました: C:\Users\zk-ht\Keiba\Keiba_AI_v2\keibaai\data\raw\html\horse\horse_2019103753_20251112T005940+0900_sha256=afff0fa3.html
2025-11-12 00:59:40,192 - __main__ - INFO - メタデータをデータベースに保存しました: https://db.netkeiba.com/horse/2019103753
2025-11-12 00:59:49,137 - src.modules.preparing._requests_utils - INFO - Successfully fetched HTML from https://db.netkeiba.com/horse/ped/2019103753
2025-11-12 00:59:49,139 - __main__ - INFO - ped HTMLを保存しました: C:\Users\zk-ht\Keiba\Keiba_AI_v2\keibaai\data\raw\html\ped\ped_2019103753_20251112T005949+0900_sha256=9980a381.html
2025-11-12 00:59:49,141 - __main__ - INFO - メタデータをデータベースに保存しました: https://db.netkeiba.com/horse/ped/2019103753
2025-11-12 00:59:52,454 - src.modules.preparing._requests_utils - INFO - Successfully fetched HTML from https://db.netkeiba.com/horse/2019104982
2025-11-12 00:59:52,455 - __main__ - INFO - horse HTMLを保存しました: C:\Users\zk-ht\Keiba\Keiba_AI_v2\keibaai\data\raw\html\horse\horse_2019104982_20251112T005952+0900_sha256=9579da64.html
2025-11-12 00:59:52,462 - __main__ - INFO - メタデータをデータベースに保存しました: https://db.netkeiba.com/horse/2019104982
2025-11-12 00:59:57,606 - src.modules.preparing._requests_utils - INFO - Successfully fetched HTML from https://db.netkeiba.com/horse/ped/2019104982
2025-11-12 00:59:57,608 - __main__ - INFO - ped HTMLを保存しました: C:\Users\zk-ht\Keiba\Keiba_AI_v2\keibaai\data\raw\html\ped\ped_2019104982_20251112T005957+0900_sha256=0a060f4a.html
2025-11-12 00:59:57,621 - __main__ - INFO - メタデータをデータベースに保存しました: https://db.netkeiba.com/horse/ped/2019104982
2025-11-12 01:00:03,319 - src.modules.preparing._requests_utils - INFO - Successfully fetched HTML from https://db.netkeiba.com/horse/2018105233
2025-11-12 01:00:03,321 - __main__ - INFO - horse HTMLを保存しました: C:\Users\zk-ht\Keiba\Keiba_AI_v2\keibaai\data\raw\html\horse\horse_2018105233_20251112T010003+0900_sha256=d00d1034.html
2025-11-12 01:00:03,338 - __main__ - INFO - メタデータをデータベースに保存しました: https://db.netkeiba.com/horse/2018105233
2025-11-12 01:00:09,857 - src.modules.preparing._requests_utils - INFO - Successfully fetched HTML from https://db.netkeiba.com/horse/ped/2018105233
2025-11-12 01:00:09,858 - __main__ - INFO - ped HTMLを保存しました: C:\Users\zk-ht\Keiba\Keiba_AI_v2\keibaai\data\raw\html\ped\ped_2018105233_20251112T010009+0900_sha256=390b8bd3.html
2025-11-12 01:00:09,861 - __main__ - INFO - メタデータをデータベースに保存しました: https://db.netkeiba.com/horse/ped/2018105233
2025-11-12 01:00:13,043 - src.modules.preparing._requests_utils - INFO - Successfully fetched HTML from https://db.netkeiba.com/horse/2018104947
2025-11-12 01:00:13,045 - __main__ - INFO - horse HTMLを保存しました: C:\Users\zk-ht\Keiba\Keiba_AI_v2\keibaai\data\raw\html\horse\horse_2018104947_20251112T010013+0900_sha256=8c84f638.html
2025-11-12 01:00:13,063 - __main__ - INFO - メタデータをデータベースに保存しました: https://db.netkeiba.com/horse/2018104947
2025-11-12 01:00:23,722 - src.modules.preparing._requests_utils - INFO - Successfully fetched HTML from https://db.netkeiba.com/horse/ped/2018104947
2025-11-12 01:00:23,724 - __main__ - INFO - ped HTMLを保存しました: C:\Users\zk-ht\Keiba\Keiba_AI_v2\keibaai\data\raw\html\ped\ped_2018104947_20251112T010023+0900_sha256=cdf0a167.html
2025-11-12 01:00:23,727 - __main__ - INFO - メタデータをデータベースに保存しました: https://db.netkeiba.com/horse/ped/2018104947
2025-11-12 01:00:26,834 - src.modules.preparing._requests_utils - INFO - Successfully fetched HTML from https://db.netkeiba.com/horse/2017110144
2025-11-12 01:00:26,836 - __main__ - INFO - horse HTMLを保存しました: C:\Users\zk-ht\Keiba\Keiba_AI_v2\keibaai\data\raw\html\horse\horse_2017110144_20251112T010026+0900_sha256=201c80c5.html
2025-11-12 01:00:26,839 - __main__ - INFO - メタデータをデータベースに保存しました: https://db.netkeiba.com/horse/2017110144
2025-11-12 01:00:31,289 - src.modules.preparing._requests_utils - INFO - Successfully fetched HTML from https://db.netkeiba.com/horse/ped/2017110144
2025-11-12 01:00:31,291 - __main__ - INFO - ped HTMLを保存しました: C:\Users\zk-ht\Keiba\Keiba_AI_v2\keibaai\data\raw\html\ped\ped_2017110144_20251112T010031+0900_sha256=cdf63e1b.html
2025-11-12 01:00:31,294 - __main__ - INFO - メタデータをデータベースに保存しました: https://db.netkeiba.com/horse/ped/2017110144
2025-11-12 01:00:40,507 - src.modules.preparing._requests_utils - INFO - Successfully fetched HTML from https://db.netkeiba.com/horse/2019104057
2025-11-12 01:00:40,509 - __main__ - INFO - horse HTMLを保存しました: C:\Users\zk-ht\Keiba\Keiba_AI_v2\keibaai\data\raw\html\horse\horse_2019104057_20251112T010040+0900_sha256=c03611f2.html
2025-11-12 01:00:40,512 - __main__ - INFO - メタデータをデータベースに保存しました: https://db.netkeiba.com/horse/2019104057
2025-11-12 01:00:48,552 - src.modules.preparing._requests_utils - INFO - Successfully fetched HTML from https://db.netkeiba.com/horse/ped/2019104057
2025-11-12 01:00:48,554 - __main__ - INFO - ped HTMLを保存しました: C:\Users\zk-ht\Keiba\Keiba_AI_v2\keibaai\data\raw\html\ped\ped_2019104057_20251112T010048+0900_sha256=13515b3d.html
2025-11-12 01:00:48,557 - __main__ - INFO - メタデータをデータベースに保存しました: https://db.netkeiba.com/horse/ped/2019104057
2025-11-12 01:00:52,392 - src.modules.preparing._requests_utils - INFO - Successfully fetched HTML from https://db.netkeiba.com/horse/2019104740
2025-11-12 01:00:52,395 - __main__ - INFO - horse HTMLを保存しました: C:\Users\zk-ht\Keiba\Keiba_AI_v2\keibaai\data\raw\html\horse\horse_2019104740_20251112T010052+0900_sha256=fc2d6c49.html
2025-11-12 01:00:52,398 - __main__ - INFO - メタデータをデータベースに保存しました: https://db.netkeiba.com/horse/2019104740
2025-11-12 01:01:01,103 - src.modules.preparing._requests_utils - INFO - Successfully fetched HTML from https://db.netkeiba.com/horse/ped/2019104740
2025-11-12 01:01:01,105 - __main__ - INFO - ped HTMLを保存しました: C:\Users\zk-ht\Keiba\Keiba_AI_v2\keibaai\data\raw\html\ped\ped_2019104740_20251112T010101+0900_sha256=806213c3.html
2025-11-12 01:01:01,109 - __main__ - INFO - メタデータをデータベースに保存しました: https://db.netkeiba.com/horse/ped/2019104740
2025-11-12 01:01:04,428 - src.modules.preparing._requests_utils - INFO - Successfully fetched HTML from https://db.netkeiba.com/horse/2018105020
2025-11-12 01:01:04,430 - __main__ - INFO - horse HTMLを保存しました: C:\Users\zk-ht\Keiba\Keiba_AI_v2\keibaai\data\raw\html\horse\horse_2018105020_20251112T010104+0900_sha256=0b071601.html
2025-11-12 01:01:04,433 - __main__ - INFO - メタデータをデータベースに保存しました: https://db.netkeiba.com/horse/2018105020
2025-11-12 01:01:13,313 - src.modules.preparing._requests_utils - INFO - Successfully fetched HTML from https://db.netkeiba.com/horse/ped/2018105020
2025-11-12 01:01:13,315 - __main__ - INFO - ped HTMLを保存しました: C:\Users\zk-ht\Keiba\Keiba_AI_v2\keibaai\data\raw\html\ped\ped_2018105020_20251112T010113+0900_sha256=76351b52.html
2025-11-12 01:01:13,317 - __main__ - INFO - メタデータをデータベースに保存しました: https://db.netkeiba.com/horse/ped/2018105020
2025-11-12 01:01:13,317 - __main__ - INFO - 当日バッチ処理（オッズ取得）を開始...
2025-11-12 01:01:13,320 - src.modules.preparing._scrape_jra_odds - INFO - JRAオッズのダミー生成を開始: 202305020811
2025-11-12 01:01:13,322 - src.modules.preparing._scrape_jra_odds - INFO - ダミーオッズデータを保存しました: C:\Users\zk-ht\Keiba\Keiba_AI_v2\keibaai\data\raw\json\jra_odds\202305020811_snapshot_20251112T010113+0900_sha256=e5d31983.json
2025-11-12 01:01:13,326 - src.modules.preparing._scrape_jra_odds - INFO - メタデータをデータベースに保存しました: https://www.jra.go.jp/dummy/odds/202305020811
2025-11-12 01:01:13,327 - __main__ - INFO - 当日バッチ処理が完了。
2025-11-12 01:01:13,327 - __main__ - INFO - データベース接続をクローズしました。
2025-11-12 01:01:13,327 - __main__ - INFO - スクレイピングパイプラインが終了しました。
2025-11-12 01:18:19,679 - __main__ - INFO - スクレイピングパイプラインを開始します...
2025-11-12 01:18:19,680 - __main__ - INFO - レース情報のスクレイピングを開始...
2025-11-12 01:18:19,680 - src.modules.preparing._requests_utils - INFO - 開催日一覧のスクレイピングを開始します...
2025-11-12 01:18:19,680 - src.modules.preparing._requests_utils - WARNING - scrape_kaisai_dates は現在モック実装です。
2025-11-12 01:18:19,680 - src.modules.preparing._requests_utils - INFO - レースID一覧のスクレイピングを開始します...
2025-11-12 01:18:19,681 - src.modules.preparing._requests_utils - WARNING - scrape_race_id_list は現在、単一の存在するレースIDを返すテスト実装です。
2025-11-12 01:18:27,385 - src.modules.preparing._requests_utils - INFO - Successfully fetched HTML from https://db.netkeiba.com/race/202305020811
2025-11-12 01:18:27,387 - __main__ - INFO - race HTMLを保存しました: C:\Users\zk-ht\Keiba\Keiba_AI_v2\keibaai\data\raw\html\race\race_202305020811_20251112T011827+0900_sha256=a0b610ef.html
2025-11-12 01:18:27,390 - __main__ - INFO - メタデータをデータベースに保存しました: https://db.netkeiba.com/race/202305020811
2025-11-12 01:18:36,100 - src.modules.preparing._requests_utils - INFO - Successfully fetched HTML from https://race.netkeiba.com/race/shutuba.html?race_id=202305020811
2025-11-12 01:18:36,102 - __main__ - INFO - shutuba HTMLを保存しました: C:\Users\zk-ht\Keiba\Keiba_AI_v2\keibaai\data\raw\html\shutuba\shutuba_202305020811_20251112T011836+0900_sha256=4cfeb609.html
2025-11-12 01:18:36,115 - __main__ - INFO - メタデータをデータベースに保存しました: https://race.netkeiba.com/race/shutuba.html?race_id=202305020811
2025-11-12 01:18:36,117 - __main__ - INFO - 出馬表から馬IDを取得...
2025-11-12 01:18:36,118 - root - INFO - 出馬表パース開始: C:\Users\zk-ht\Keiba\Keiba_AI_v2\keibaai\data\raw\html\shutuba\shutuba_202305020811_20251112T011836+0900_sha256=4cfeb609.html
2025-11-12 01:18:36,572 - root - INFO - 出馬表パース完了: C:\Users\zk-ht\Keiba\Keiba_AI_v2\keibaai\data\raw\html\shutuba\shutuba_202305020811_20251112T011836+0900_sha256=4cfeb609.html (16行)
2025-11-12 01:18:36,573 - __main__ - INFO - 16頭のユニークな馬IDを取得しました。
2025-11-12 01:18:36,573 - __main__ - INFO - 馬関連情報のスクレイピングを開始...
2025-11-12 01:18:42,322 - src.modules.preparing._requests_utils - INFO - Successfully fetched HTML from https://db.netkeiba.com/horse/2019104982
2025-11-12 01:18:42,324 - __main__ - INFO - horse HTMLを保存しました: C:\Users\zk-ht\Keiba\Keiba_AI_v2\keibaai\data\raw\html\horse\horse_2019104982_20251112T011842+0900_sha256=90cd2d7f.html
2025-11-12 01:18:42,339 - __main__ - INFO - メタデータをデータベースに保存しました: https://db.netkeiba.com/horse/2019104982
2025-11-12 01:18:48,720 - src.modules.preparing._requests_utils - INFO - Successfully fetched HTML from https://db.netkeiba.com/horse/ped/2019104982
2025-11-12 01:18:48,722 - __main__ - INFO - ped HTMLを保存しました: C:\Users\zk-ht\Keiba\Keiba_AI_v2\keibaai\data\raw\html\ped\ped_2019104982_20251112T011848+0900_sha256=0a060f4a.html
2025-11-12 01:18:48,725 - __main__ - INFO - メタデータをデータベースに保存しました: https://db.netkeiba.com/horse/ped/2019104982
2025-11-12 01:18:52,734 - src.modules.preparing._requests_utils - INFO - Successfully fetched HTML from https://db.netkeiba.com/horse/2019103753
2025-11-12 01:18:52,736 - __main__ - INFO - horse HTMLを保存しました: C:\Users\zk-ht\Keiba\Keiba_AI_v2\keibaai\data\raw\html\horse\horse_2019103753_20251112T011852+0900_sha256=a92cf769.html
2025-11-12 01:18:52,741 - __main__ - INFO - メタデータをデータベースに保存しました: https://db.netkeiba.com/horse/2019103753
2025-11-12 01:19:00,117 - src.modules.preparing._requests_utils - INFO - Successfully fetched HTML from https://db.netkeiba.com/horse/ped/2019103753
2025-11-12 01:19:00,119 - __main__ - INFO - ped HTMLを保存しました: C:\Users\zk-ht\Keiba\Keiba_AI_v2\keibaai\data\raw\html\ped\ped_2019103753_20251112T011900+0900_sha256=9980a381.html
2025-11-12 01:19:00,122 - __main__ - INFO - メタデータをデータベースに保存しました: https://db.netkeiba.com/horse/ped/2019103753
2025-11-12 01:19:07,414 - src.modules.preparing._requests_utils - INFO - Successfully fetched HTML from https://db.netkeiba.com/horse/2017103201
2025-11-12 01:19:07,415 - __main__ - INFO - horse HTMLを保存しました: C:\Users\zk-ht\Keiba\Keiba_AI_v2\keibaai\data\raw\html\horse\horse_2017103201_20251112T011907+0900_sha256=65eeead9.html
2025-11-12 01:19:07,418 - __main__ - INFO - メタデータをデータベースに保存しました: https://db.netkeiba.com/horse/2017103201
2025-11-12 01:19:11,082 - src.modules.preparing._requests_utils - INFO - Successfully fetched HTML from https://db.netkeiba.com/horse/ped/2017103201
2025-11-12 01:19:11,084 - __main__ - INFO - ped HTMLを保存しました: C:\Users\zk-ht\Keiba\Keiba_AI_v2\keibaai\data\raw\html\ped\ped_2017103201_20251112T011911+0900_sha256=3418a926.html
2025-11-12 01:19:11,086 - __main__ - INFO - メタデータをデータベースに保存しました: https://db.netkeiba.com/horse/ped/2017103201
2025-11-12 01:19:21,120 - src.modules.preparing._requests_utils - INFO - Successfully fetched HTML from https://db.netkeiba.com/horse/2018104947
2025-11-12 01:19:21,122 - __main__ - INFO - horse HTMLを保存しました: C:\Users\zk-ht\Keiba\Keiba_AI_v2\keibaai\data\raw\html\horse\horse_2018104947_20251112T011921+0900_sha256=226e5c10.html
2025-11-12 01:19:21,126 - __main__ - INFO - メタデータをデータベースに保存しました: https://db.netkeiba.com/horse/2018104947
2025-11-12 01:19:27,182 - src.modules.preparing._requests_utils - INFO - Successfully fetched HTML from https://db.netkeiba.com/horse/ped/2018104947
2025-11-12 01:19:27,183 - __main__ - INFO - ped HTMLを保存しました: C:\Users\zk-ht\Keiba\Keiba_AI_v2\keibaai\data\raw\html\ped\ped_2018104947_20251112T011927+0900_sha256=ef07c8ca.html
2025-11-12 01:19:27,186 - __main__ - INFO - メタデータをデータベースに保存しました: https://db.netkeiba.com/horse/ped/2018104947
2025-11-12 01:19:34,466 - src.modules.preparing._requests_utils - INFO - Successfully fetched HTML from https://db.netkeiba.com/horse/2019104740
2025-11-12 01:19:34,467 - __main__ - INFO - horse HTMLを保存しました: C:\Users\zk-ht\Keiba\Keiba_AI_v2\keibaai\data\raw\html\horse\horse_2019104740_20251112T011934+0900_sha256=208c3a61.html
2025-11-12 01:19:34,470 - __main__ - INFO - メタデータをデータベースに保存しました: https://db.netkeiba.com/horse/2019104740
2025-11-12 01:19:40,117 - src.modules.preparing._requests_utils - INFO - Successfully fetched HTML from https://db.netkeiba.com/horse/ped/2019104740
2025-11-12 01:19:40,119 - __main__ - INFO - ped HTMLを保存しました: C:\Users\zk-ht\Keiba\Keiba_AI_v2\keibaai\data\raw\html\ped\ped_2019104740_20251112T011940+0900_sha256=806213c3.html
2025-11-12 01:19:40,133 - __main__ - INFO - メタデータをデータベースに保存しました: https://db.netkeiba.com/horse/ped/2019104740
2025-11-12 01:19:44,867 - src.modules.preparing._requests_utils - INFO - Successfully fetched HTML from https://db.netkeiba.com/horse/2019105565
2025-11-12 01:19:44,869 - __main__ - INFO - horse HTMLを保存しました: C:\Users\zk-ht\Keiba\Keiba_AI_v2\keibaai\data\raw\html\horse\horse_2019105565_20251112T011944+0900_sha256=bab09861.html
2025-11-12 01:19:44,871 - __main__ - INFO - メタデータをデータベースに保存しました: https://db.netkeiba.com/horse/2019105565
2025-11-12 01:19:53,464 - src.modules.preparing._requests_utils - INFO - Successfully fetched HTML from https://db.netkeiba.com/horse/ped/2019105565
2025-11-12 01:19:53,466 - __main__ - INFO - ped HTMLを保存しました: C:\Users\zk-ht\Keiba\Keiba_AI_v2\keibaai\data\raw\html\ped\ped_2019105565_20251112T011953+0900_sha256=3961b502.html
2025-11-12 01:19:53,469 - __main__ - INFO - メタデータをデータベースに保存しました: https://db.netkeiba.com/horse/ped/2019105565
2025-11-12 01:20:00,424 - src.modules.preparing._requests_utils - INFO - Successfully fetched HTML from https://db.netkeiba.com/horse/2017110144
2025-11-12 01:20:00,426 - __main__ - INFO - horse HTMLを保存しました: C:\Users\zk-ht\Keiba\Keiba_AI_v2\keibaai\data\raw\html\horse\horse_2017110144_20251112T012000+0900_sha256=db8922e4.html
2025-11-12 01:20:00,442 - __main__ - INFO - メタデータをデータベースに保存しました: https://db.netkeiba.com/horse/2017110144
2025-11-12 01:20:07,377 - src.modules.preparing._requests_utils - INFO - Successfully fetched HTML from https://db.netkeiba.com/horse/ped/2017110144
2025-11-12 01:20:07,380 - __main__ - INFO - ped HTMLを保存しました: C:\Users\zk-ht\Keiba\Keiba_AI_v2\keibaai\data\raw\html\ped\ped_2017110144_20251112T012007+0900_sha256=cdf63e1b.html
2025-11-12 01:20:07,383 - __main__ - INFO - メタデータをデータベースに保存しました: https://db.netkeiba.com/horse/ped/2017110144
2025-11-12 01:20:11,038 - src.modules.preparing._requests_utils - INFO - Successfully fetched HTML from https://db.netkeiba.com/horse/2019105345
2025-11-12 01:20:11,039 - __main__ - INFO - horse HTMLを保存しました: C:\Users\zk-ht\Keiba\Keiba_AI_v2\keibaai\data\raw\html\horse\horse_2019105345_20251112T012011+0900_sha256=bcd01bdf.html
2025-11-12 01:20:11,050 - __main__ - INFO - メタデータをデータベースに保存しました: https://db.netkeiba.com/horse/2019105345
2025-11-12 01:20:14,543 - src.modules.preparing._requests_utils - INFO - Successfully fetched HTML from https://db.netkeiba.com/horse/ped/2019105345
2025-11-12 01:20:14,544 - __main__ - INFO - ped HTMLを保存しました: C:\Users\zk-ht\Keiba\Keiba_AI_v2\keibaai\data\raw\html\ped\ped_2019105345_20251112T012014+0900_sha256=18089c2a.html
2025-11-12 01:20:14,546 - __main__ - INFO - メタデータをデータベースに保存しました: https://db.netkeiba.com/horse/ped/2019105345
2025-11-12 01:20:21,544 - src.modules.preparing._requests_utils - INFO - Successfully fetched HTML from https://db.netkeiba.com/horse/2018105020
2025-11-12 01:20:21,546 - __main__ - INFO - horse HTMLを保存しました: C:\Users\zk-ht\Keiba\Keiba_AI_v2\keibaai\data\raw\html\horse\horse_2018105020_20251112T012021+0900_sha256=be1a906a.html
2025-11-12 01:20:21,548 - __main__ - INFO - メタデータをデータベースに保存しました: https://db.netkeiba.com/horse/2018105020
2025-11-12 01:20:26,437 - src.modules.preparing._requests_utils - INFO - Successfully fetched HTML from https://db.netkeiba.com/horse/ped/2018105020
2025-11-12 01:20:26,439 - __main__ - INFO - ped HTMLを保存しました: C:\Users\zk-ht\Keiba\Keiba_AI_v2\keibaai\data\raw\html\ped\ped_2018105020_20251112T012026+0900_sha256=76351b52.html
2025-11-12 01:20:26,441 - __main__ - INFO - メタデータをデータベースに保存しました: https://db.netkeiba.com/horse/ped/2018105020
2025-11-12 01:20:30,361 - src.modules.preparing._requests_utils - INFO - Successfully fetched HTML from https://db.netkeiba.com/horse/2018101871
2025-11-12 01:20:30,363 - __main__ - INFO - horse HTMLを保存しました: C:\Users\zk-ht\Keiba\Keiba_AI_v2\keibaai\data\raw\html\horse\horse_2018101871_20251112T012030+0900_sha256=26ea18fb.html
2025-11-12 01:20:30,366 - __main__ - INFO - メタデータをデータベースに保存しました: https://db.netkeiba.com/horse/2018101871
2025-11-12 01:20:36,182 - src.modules.preparing._requests_utils - INFO - Successfully fetched HTML from https://db.netkeiba.com/horse/ped/2018101871
2025-11-12 01:20:36,184 - __main__ - INFO - ped HTMLを保存しました: C:\Users\zk-ht\Keiba\Keiba_AI_v2\keibaai\data\raw\html\ped\ped_2018101871_20251112T012036+0900_sha256=4fc56ab1.html
2025-11-12 01:20:36,203 - __main__ - INFO - メタデータをデータベースに保存しました: https://db.netkeiba.com/horse/ped/2018101871
2025-11-12 01:20:42,257 - src.modules.preparing._requests_utils - INFO - Successfully fetched HTML from https://db.netkeiba.com/horse/2019104057
2025-11-12 01:20:42,258 - __main__ - INFO - horse HTMLを保存しました: C:\Users\zk-ht\Keiba\Keiba_AI_v2\keibaai\data\raw\html\horse\horse_2019104057_20251112T012042+0900_sha256=4331c29e.html
2025-11-12 01:20:42,275 - __main__ - INFO - メタデータをデータベースに保存しました: https://db.netkeiba.com/horse/2019104057
2025-11-12 01:20:49,138 - src.modules.preparing._requests_utils - INFO - Successfully fetched HTML from https://db.netkeiba.com/horse/ped/2019104057
2025-11-12 01:20:49,140 - __main__ - INFO - ped HTMLを保存しました: C:\Users\zk-ht\Keiba\Keiba_AI_v2\keibaai\data\raw\html\ped\ped_2019104057_20251112T012049+0900_sha256=13515b3d.html
2025-11-12 01:20:49,148 - __main__ - INFO - メタデータをデータベースに保存しました: https://db.netkeiba.com/horse/ped/2019104057
2025-11-12 01:20:52,857 - src.modules.preparing._requests_utils - INFO - Successfully fetched HTML from https://db.netkeiba.com/horse/2019105213
2025-11-12 01:20:52,859 - __main__ - INFO - horse HTMLを保存しました: C:\Users\zk-ht\Keiba\Keiba_AI_v2\keibaai\data\raw\html\horse\horse_2019105213_20251112T012052+0900_sha256=0b5acba3.html
2025-11-12 01:20:52,862 - __main__ - INFO - メタデータをデータベースに保存しました: https://db.netkeiba.com/horse/2019105213
2025-11-12 01:21:03,202 - src.modules.preparing._requests_utils - INFO - Successfully fetched HTML from https://db.netkeiba.com/horse/ped/2019105213
2025-11-12 01:21:03,203 - __main__ - INFO - ped HTMLを保存しました: C:\Users\zk-ht\Keiba\Keiba_AI_v2\keibaai\data\raw\html\ped\ped_2019105213_20251112T012103+0900_sha256=01800906.html
2025-11-12 01:21:03,206 - __main__ - INFO - メタデータをデータベースに保存しました: https://db.netkeiba.com/horse/ped/2019105213
2025-11-12 01:21:13,002 - src.modules.preparing._requests_utils - INFO - Successfully fetched HTML from https://db.netkeiba.com/horse/2018105355
2025-11-12 01:21:13,004 - __main__ - INFO - horse HTMLを保存しました: C:\Users\zk-ht\Keiba\Keiba_AI_v2\keibaai\data\raw\html\horse\horse_2018105355_20251112T012113+0900_sha256=0a45bd2f.html
2025-11-12 01:21:13,007 - __main__ - INFO - メタデータをデータベースに保存しました: https://db.netkeiba.com/horse/2018105355
2025-11-12 01:21:18,335 - src.modules.preparing._requests_utils - INFO - Successfully fetched HTML from https://db.netkeiba.com/horse/ped/2018105355
2025-11-12 01:21:18,337 - __main__ - INFO - ped HTMLを保存しました: C:\Users\zk-ht\Keiba\Keiba_AI_v2\keibaai\data\raw\html\ped\ped_2018105355_20251112T012118+0900_sha256=50d71cd9.html
2025-11-12 01:21:18,340 - __main__ - INFO - メタデータをデータベースに保存しました: https://db.netkeiba.com/horse/ped/2018105355
2025-11-12 01:21:23,986 - src.modules.preparing._requests_utils - INFO - Successfully fetched HTML from https://db.netkeiba.com/horse/2018105554
2025-11-12 01:21:23,988 - __main__ - INFO - horse HTMLを保存しました: C:\Users\zk-ht\Keiba\Keiba_AI_v2\keibaai\data\raw\html\horse\horse_2018105554_20251112T012123+0900_sha256=6aa4a217.html
2025-11-12 01:21:23,998 - __main__ - INFO - メタデータをデータベースに保存しました: https://db.netkeiba.com/horse/2018105554
2025-11-12 01:21:27,809 - src.modules.preparing._requests_utils - INFO - Successfully fetched HTML from https://db.netkeiba.com/horse/ped/2018105554
2025-11-12 01:21:27,811 - __main__ - INFO - ped HTMLを保存しました: C:\Users\zk-ht\Keiba\Keiba_AI_v2\keibaai\data\raw\html\ped\ped_2018105554_20251112T012127+0900_sha256=9541867f.html
2025-11-12 01:21:27,818 - __main__ - INFO - メタデータをデータベースに保存しました: https://db.netkeiba.com/horse/ped/2018105554
2025-11-12 01:21:30,728 - src.modules.preparing._requests_utils - INFO - Successfully fetched HTML from https://db.netkeiba.com/horse/2017102294
2025-11-12 01:21:30,729 - __main__ - INFO - horse HTMLを保存しました: C:\Users\zk-ht\Keiba\Keiba_AI_v2\keibaai\data\raw\html\horse\horse_2017102294_20251112T012130+0900_sha256=67f97854.html
2025-11-12 01:21:30,731 - __main__ - INFO - メタデータをデータベースに保存しました: https://db.netkeiba.com/horse/2017102294
2025-11-12 01:21:38,076 - src.modules.preparing._requests_utils - INFO - Successfully fetched HTML from https://db.netkeiba.com/horse/ped/2017102294
2025-11-12 01:21:38,078 - __main__ - INFO - ped HTMLを保存しました: C:\Users\zk-ht\Keiba\Keiba_AI_v2\keibaai\data\raw\html\ped\ped_2017102294_20251112T012138+0900_sha256=85eaf494.html
2025-11-12 01:21:38,081 - __main__ - INFO - メタデータをデータベースに保存しました: https://db.netkeiba.com/horse/ped/2017102294
2025-11-12 01:21:47,027 - src.modules.preparing._requests_utils - INFO - Successfully fetched HTML from https://db.netkeiba.com/horse/2018105233
2025-11-12 01:21:47,028 - __main__ - INFO - horse HTMLを保存しました: C:\Users\zk-ht\Keiba\Keiba_AI_v2\keibaai\data\raw\html\horse\horse_2018105233_20251112T012147+0900_sha256=95e7da4c.html
2025-11-12 01:21:47,030 - __main__ - INFO - メタデータをデータベースに保存しました: https://db.netkeiba.com/horse/2018105233
2025-11-12 01:21:51,916 - src.modules.preparing._requests_utils - INFO - Successfully fetched HTML from https://db.netkeiba.com/horse/ped/2018105233
2025-11-12 01:21:51,918 - __main__ - INFO - ped HTMLを保存しました: C:\Users\zk-ht\Keiba\Keiba_AI_v2\keibaai\data\raw\html\ped\ped_2018105233_20251112T012151+0900_sha256=42d45f78.html
2025-11-12 01:21:51,936 - __main__ - INFO - メタデータをデータベースに保存しました: https://db.netkeiba.com/horse/ped/2018105233
2025-11-12 01:21:51,937 - __main__ - INFO - 当日バッチ処理（オッズ取得）を開始...
2025-11-12 01:21:51,937 - src.modules.preparing._scrape_jra_odds - INFO - JRAオッズのダミー生成を開始: 202305020811
2025-11-12 01:21:51,939 - src.modules.preparing._scrape_jra_odds - INFO - ダミーオッズデータを保存しました: C:\Users\zk-ht\Keiba\Keiba_AI_v2\keibaai\data\raw\json\jra_odds\202305020811_snapshot_20251112T012151+0900_sha256=0601d59a.json
2025-11-12 01:21:51,941 - src.modules.preparing._scrape_jra_odds - INFO - メタデータをデータベースに保存しました: https://www.jra.go.jp/dummy/odds/202305020811
2025-11-12 01:21:51,941 - __main__ - INFO - 当日バッチ処理が完了。
2025-11-12 01:21:51,941 - __main__ - INFO - データベース接続をクローズしました。
2025-11-12 01:21:51,941 - __main__ - INFO - スクレイピングパイプラインが終了しました。
