2025-11-13 23:13:28,339 - __main__ - INFO - スクレイピングパイプラインを開始します...
2025-11-13 23:13:28,342 - __main__ - INFO - レース情報のスクレイピングを開始...
2025-11-13 23:13:28,342 - src.modules.preparing._requests_utils - INFO - 開催日一覧のスクレイピングを開始します...
2025-11-13 23:13:28,342 - src.modules.preparing._requests_utils - WARNING - scrape_kaisai_dates は現在モック実装です。
2025-11-13 23:13:28,342 - src.modules.preparing._requests_utils - INFO - レースID一覧のスクレイピングを開始します...
2025-11-13 23:13:28,342 - src.modules.preparing._requests_utils - WARNING - scrape_race_id_list は現在、単一の存在するレースIDを返すテスト実装です。
2025-11-13 23:13:37,956 - src.modules.preparing._requests_utils - INFO - Successfully fetched HTML from https://db.netkeiba.com/race/202305020811
2025-11-13 23:13:37,972 - __main__ - INFO - race HTMLを保存しました: C:\Users\zk-ht\Keiba\Keiba_AI_v2\keibaai\data\raw\html\race\race_202305020811_20251113T231337+0900_sha256=c90e86f1.html
2025-11-13 23:13:37,977 - __main__ - INFO - メタデータをデータベースに保存しました: https://db.netkeiba.com/race/202305020811
2025-11-13 23:13:48,125 - src.modules.preparing._requests_utils - INFO - Successfully fetched HTML from https://race.netkeiba.com/race/shutuba.html?race_id=202305020811
2025-11-13 23:13:48,127 - __main__ - INFO - shutuba HTMLを保存しました: C:\Users\zk-ht\Keiba\Keiba_AI_v2\keibaai\data\raw\html\shutuba\shutuba_202305020811_20251113T231348+0900_sha256=0bd7bfca.html
2025-11-13 23:13:48,129 - __main__ - INFO - メタデータをデータベースに保存しました: https://race.netkeiba.com/race/shutuba.html?race_id=202305020811
2025-11-13 23:13:48,141 - __main__ - INFO - 出馬表から馬IDを取得...
2025-11-13 23:13:48,141 - root - INFO - 出馬表パース開始: C:\Users\zk-ht\Keiba\Keiba_AI_v2\keibaai\data\raw\html\shutuba\shutuba_202305020811_20251113T231348+0900_sha256=0bd7bfca.html
2025-11-13 23:13:48,516 - root - WARNING - 日付抽出 (Active Partial): 年が欠落しています '5月14日(日)'。年を別途探索します。
2025-11-13 23:13:48,516 - root - INFO - 日付抽出成功 (Active Partial + Year): 2023-05-14
2025-11-13 23:13:48,523 - root - INFO - 出馬表パース完了: C:\Users\zk-ht\Keiba\Keiba_AI_v2\keibaai\data\raw\html\shutuba\shutuba_202305020811_20251113T231348+0900_sha256=0bd7bfca.html (16行)
2025-11-13 23:13:48,530 - __main__ - INFO - 16頭のユニークな馬IDを取得しました。
2025-11-13 23:13:48,530 - __main__ - INFO - 馬関連情報のスクレイピングを開始...
2025-11-13 23:13:57,001 - src.modules.preparing._requests_utils - INFO - Successfully fetched HTML from https://db.netkeiba.com/horse/2018105233
2025-11-13 23:13:57,018 - __main__ - INFO - horse HTMLを保存しました: C:\Users\zk-ht\Keiba\Keiba_AI_v2\keibaai\data\raw\html\horse\horse_2018105233_20251113T231357+0900_sha256=af73cbc6.html
2025-11-13 23:13:57,023 - __main__ - INFO - メタデータをデータベースに保存しました: https://db.netkeiba.com/horse/2018105233
2025-11-13 23:14:04,581 - src.modules.preparing._requests_utils - INFO - Successfully fetched HTML from https://db.netkeiba.com/horse/ped/2018105233
2025-11-13 23:14:04,583 - __main__ - INFO - ped HTMLを保存しました: C:\Users\zk-ht\Keiba\Keiba_AI_v2\keibaai\data\raw\html\ped\ped_2018105233_20251113T231404+0900_sha256=afd83162.html
2025-11-13 23:14:04,601 - __main__ - INFO - メタデータをデータベースに保存しました: https://db.netkeiba.com/horse/ped/2018105233
2025-11-13 23:14:12,672 - src.modules.preparing._requests_utils - INFO - Successfully fetched HTML from https://db.netkeiba.com/horse/2017110144
2025-11-13 23:14:12,674 - __main__ - INFO - horse HTMLを保存しました: C:\Users\zk-ht\Keiba\Keiba_AI_v2\keibaai\data\raw\html\horse\horse_2017110144_20251113T231412+0900_sha256=779fc5c8.html
2025-11-13 23:14:12,686 - __main__ - INFO - メタデータをデータベースに保存しました: https://db.netkeiba.com/horse/2017110144
2025-11-13 23:14:23,014 - src.modules.preparing._requests_utils - INFO - Successfully fetched HTML from https://db.netkeiba.com/horse/ped/2017110144
2025-11-13 23:14:23,016 - __main__ - INFO - ped HTMLを保存しました: C:\Users\zk-ht\Keiba\Keiba_AI_v2\keibaai\data\raw\html\ped\ped_2017110144_20251113T231423+0900_sha256=6b039648.html
2025-11-13 23:14:23,029 - __main__ - INFO - メタデータをデータベースに保存しました: https://db.netkeiba.com/horse/ped/2017110144
2025-11-13 23:14:30,617 - src.modules.preparing._requests_utils - INFO - Successfully fetched HTML from https://db.netkeiba.com/horse/2019104740
2025-11-13 23:14:30,618 - __main__ - INFO - horse HTMLを保存しました: C:\Users\zk-ht\Keiba\Keiba_AI_v2\keibaai\data\raw\html\horse\horse_2019104740_20251113T231430+0900_sha256=52a2cb4d.html
2025-11-13 23:14:30,621 - __main__ - INFO - メタデータをデータベースに保存しました: https://db.netkeiba.com/horse/2019104740
2025-11-13 23:14:34,778 - src.modules.preparing._requests_utils - INFO - Successfully fetched HTML from https://db.netkeiba.com/horse/ped/2019104740
2025-11-13 23:14:34,794 - __main__ - INFO - ped HTMLを保存しました: C:\Users\zk-ht\Keiba\Keiba_AI_v2\keibaai\data\raw\html\ped\ped_2019104740_20251113T231434+0900_sha256=eb1745ad.html
2025-11-13 23:14:34,797 - __main__ - INFO - メタデータをデータベースに保存しました: https://db.netkeiba.com/horse/ped/2019104740
2025-11-13 23:14:39,791 - src.modules.preparing._requests_utils - INFO - Successfully fetched HTML from https://db.netkeiba.com/horse/2017102294
2025-11-13 23:14:39,804 - __main__ - INFO - horse HTMLを保存しました: C:\Users\zk-ht\Keiba\Keiba_AI_v2\keibaai\data\raw\html\horse\horse_2017102294_20251113T231439+0900_sha256=61a268fe.html
2025-11-13 23:14:39,807 - __main__ - INFO - メタデータをデータベースに保存しました: https://db.netkeiba.com/horse/2017102294
2025-11-13 23:14:49,487 - src.modules.preparing._requests_utils - INFO - Successfully fetched HTML from https://db.netkeiba.com/horse/ped/2017102294
2025-11-13 23:14:49,487 - __main__ - INFO - ped HTMLを保存しました: C:\Users\zk-ht\Keiba\Keiba_AI_v2\keibaai\data\raw\html\ped\ped_2017102294_20251113T231449+0900_sha256=d12ea532.html
2025-11-13 23:14:49,490 - __main__ - INFO - メタデータをデータベースに保存しました: https://db.netkeiba.com/horse/ped/2017102294
2025-11-13 23:14:57,816 - src.modules.preparing._requests_utils - INFO - Successfully fetched HTML from https://db.netkeiba.com/horse/2019104057
2025-11-13 23:14:57,818 - __main__ - INFO - horse HTMLを保存しました: C:\Users\zk-ht\Keiba\Keiba_AI_v2\keibaai\data\raw\html\horse\horse_2019104057_20251113T231457+0900_sha256=01ea8ef0.html
2025-11-13 23:14:57,824 - __main__ - INFO - メタデータをデータベースに保存しました: https://db.netkeiba.com/horse/2019104057
2025-11-13 23:15:04,121 - src.modules.preparing._requests_utils - INFO - Successfully fetched HTML from https://db.netkeiba.com/horse/ped/2019104057
2025-11-13 23:15:04,123 - __main__ - INFO - ped HTMLを保存しました: C:\Users\zk-ht\Keiba\Keiba_AI_v2\keibaai\data\raw\html\ped\ped_2019104057_20251113T231504+0900_sha256=10cd9243.html
2025-11-13 23:15:04,139 - __main__ - INFO - メタデータをデータベースに保存しました: https://db.netkeiba.com/horse/ped/2019104057
2025-11-13 23:15:13,622 - src.modules.preparing._requests_utils - INFO - Successfully fetched HTML from https://db.netkeiba.com/horse/2019104982
2025-11-13 23:15:13,624 - __main__ - INFO - horse HTMLを保存しました: C:\Users\zk-ht\Keiba\Keiba_AI_v2\keibaai\data\raw\html\horse\horse_2019104982_20251113T231513+0900_sha256=1c6fa258.html
2025-11-13 23:15:13,629 - __main__ - INFO - メタデータをデータベースに保存しました: https://db.netkeiba.com/horse/2019104982
2025-11-13 23:15:18,962 - src.modules.preparing._requests_utils - INFO - Successfully fetched HTML from https://db.netkeiba.com/horse/ped/2019104982
2025-11-13 23:15:18,969 - __main__ - INFO - ped HTMLを保存しました: C:\Users\zk-ht\Keiba\Keiba_AI_v2\keibaai\data\raw\html\ped\ped_2019104982_20251113T231518+0900_sha256=a57f214a.html
2025-11-13 23:15:18,972 - __main__ - INFO - メタデータをデータベースに保存しました: https://db.netkeiba.com/horse/ped/2019104982
2025-11-13 23:15:27,872 - src.modules.preparing._requests_utils - INFO - Successfully fetched HTML from https://db.netkeiba.com/horse/2019105345
2025-11-13 23:15:27,875 - __main__ - INFO - horse HTMLを保存しました: C:\Users\zk-ht\Keiba\Keiba_AI_v2\keibaai\data\raw\html\horse\horse_2019105345_20251113T231527+0900_sha256=8e430bfe.html
2025-11-13 23:15:27,877 - __main__ - INFO - メタデータをデータベースに保存しました: https://db.netkeiba.com/horse/2019105345
2025-11-13 23:15:33,068 - src.modules.preparing._requests_utils - INFO - Successfully fetched HTML from https://db.netkeiba.com/horse/ped/2019105345
2025-11-13 23:15:33,070 - __main__ - INFO - ped HTMLを保存しました: C:\Users\zk-ht\Keiba\Keiba_AI_v2\keibaai\data\raw\html\ped\ped_2019105345_20251113T231533+0900_sha256=4d4ff782.html
2025-11-13 23:15:33,072 - __main__ - INFO - メタデータをデータベースに保存しました: https://db.netkeiba.com/horse/ped/2019105345
2025-11-13 23:15:36,723 - src.modules.preparing._requests_utils - INFO - Successfully fetched HTML from https://db.netkeiba.com/horse/2018104947
2025-11-13 23:15:36,725 - __main__ - INFO - horse HTMLを保存しました: C:\Users\zk-ht\Keiba\Keiba_AI_v2\keibaai\data\raw\html\horse\horse_2018104947_20251113T231536+0900_sha256=57621338.html
2025-11-13 23:15:36,732 - __main__ - INFO - メタデータをデータベースに保存しました: https://db.netkeiba.com/horse/2018104947
2025-11-13 23:15:41,263 - src.modules.preparing._requests_utils - INFO - Successfully fetched HTML from https://db.netkeiba.com/horse/ped/2018104947
2025-11-13 23:15:41,264 - __main__ - INFO - ped HTMLを保存しました: C:\Users\zk-ht\Keiba\Keiba_AI_v2\keibaai\data\raw\html\ped\ped_2018104947_20251113T231541+0900_sha256=e14e95f0.html
2025-11-13 23:15:41,267 - __main__ - INFO - メタデータをデータベースに保存しました: https://db.netkeiba.com/horse/ped/2018104947
2025-11-13 23:15:44,322 - src.modules.preparing._requests_utils - INFO - Successfully fetched HTML from https://db.netkeiba.com/horse/2017103201
2025-11-13 23:15:44,324 - __main__ - INFO - horse HTMLを保存しました: C:\Users\zk-ht\Keiba\Keiba_AI_v2\keibaai\data\raw\html\horse\horse_2017103201_20251113T231544+0900_sha256=06155b83.html
2025-11-13 23:15:44,334 - __main__ - INFO - メタデータをデータベースに保存しました: https://db.netkeiba.com/horse/2017103201
2025-11-13 23:15:53,404 - src.modules.preparing._requests_utils - INFO - Successfully fetched HTML from https://db.netkeiba.com/horse/ped/2017103201
2025-11-13 23:15:53,406 - __main__ - INFO - ped HTMLを保存しました: C:\Users\zk-ht\Keiba\Keiba_AI_v2\keibaai\data\raw\html\ped\ped_2017103201_20251113T231553+0900_sha256=91a91b64.html
2025-11-13 23:15:53,420 - __main__ - INFO - メタデータをデータベースに保存しました: https://db.netkeiba.com/horse/ped/2017103201
2025-11-13 23:16:01,734 - src.modules.preparing._requests_utils - INFO - Successfully fetched HTML from https://db.netkeiba.com/horse/2018105020
2025-11-13 23:16:01,736 - __main__ - INFO - horse HTMLを保存しました: C:\Users\zk-ht\Keiba\Keiba_AI_v2\keibaai\data\raw\html\horse\horse_2018105020_20251113T231601+0900_sha256=da520344.html
2025-11-13 23:16:01,739 - __main__ - INFO - メタデータをデータベースに保存しました: https://db.netkeiba.com/horse/2018105020
2025-11-13 23:16:09,342 - src.modules.preparing._requests_utils - INFO - Successfully fetched HTML from https://db.netkeiba.com/horse/ped/2018105020
2025-11-13 23:16:09,344 - __main__ - INFO - ped HTMLを保存しました: C:\Users\zk-ht\Keiba\Keiba_AI_v2\keibaai\data\raw\html\ped\ped_2018105020_20251113T231609+0900_sha256=60e3da0a.html
2025-11-13 23:16:09,347 - __main__ - INFO - メタデータをデータベースに保存しました: https://db.netkeiba.com/horse/ped/2018105020
2025-11-13 23:16:15,246 - src.modules.preparing._requests_utils - INFO - Successfully fetched HTML from https://db.netkeiba.com/horse/2018105355
2025-11-13 23:16:15,248 - __main__ - INFO - horse HTMLを保存しました: C:\Users\zk-ht\Keiba\Keiba_AI_v2\keibaai\data\raw\html\horse\horse_2018105355_20251113T231615+0900_sha256=668e92e3.html
2025-11-13 23:16:15,265 - __main__ - INFO - メタデータをデータベースに保存しました: https://db.netkeiba.com/horse/2018105355
2025-11-13 23:16:24,646 - src.modules.preparing._requests_utils - INFO - Successfully fetched HTML from https://db.netkeiba.com/horse/ped/2018105355
2025-11-13 23:16:24,648 - __main__ - INFO - ped HTMLを保存しました: C:\Users\zk-ht\Keiba\Keiba_AI_v2\keibaai\data\raw\html\ped\ped_2018105355_20251113T231624+0900_sha256=f2d294f1.html
2025-11-13 23:16:24,656 - __main__ - INFO - メタデータをデータベースに保存しました: https://db.netkeiba.com/horse/ped/2018105355
2025-11-13 23:16:32,957 - src.modules.preparing._requests_utils - INFO - Successfully fetched HTML from https://db.netkeiba.com/horse/2018105554
2025-11-13 23:16:32,958 - __main__ - INFO - horse HTMLを保存しました: C:\Users\zk-ht\Keiba\Keiba_AI_v2\keibaai\data\raw\html\horse\horse_2018105554_20251113T231632+0900_sha256=b9b81460.html
2025-11-13 23:16:32,962 - __main__ - INFO - メタデータをデータベースに保存しました: https://db.netkeiba.com/horse/2018105554
2025-11-13 23:16:42,798 - src.modules.preparing._requests_utils - INFO - Successfully fetched HTML from https://db.netkeiba.com/horse/ped/2018105554
2025-11-13 23:16:42,799 - __main__ - INFO - ped HTMLを保存しました: C:\Users\zk-ht\Keiba\Keiba_AI_v2\keibaai\data\raw\html\ped\ped_2018105554_20251113T231642+0900_sha256=05bf8b6c.html
2025-11-13 23:16:42,802 - __main__ - INFO - メタデータをデータベースに保存しました: https://db.netkeiba.com/horse/ped/2018105554
2025-11-13 23:16:51,977 - src.modules.preparing._requests_utils - INFO - Successfully fetched HTML from https://db.netkeiba.com/horse/2019105213
2025-11-13 23:16:51,980 - __main__ - INFO - horse HTMLを保存しました: C:\Users\zk-ht\Keiba\Keiba_AI_v2\keibaai\data\raw\html\horse\horse_2019105213_20251113T231651+0900_sha256=aa775c89.html
2025-11-13 23:16:51,982 - __main__ - INFO - メタデータをデータベースに保存しました: https://db.netkeiba.com/horse/2019105213
2025-11-13 23:16:58,486 - src.modules.preparing._requests_utils - INFO - Successfully fetched HTML from https://db.netkeiba.com/horse/ped/2019105213
2025-11-13 23:16:58,489 - __main__ - INFO - ped HTMLを保存しました: C:\Users\zk-ht\Keiba\Keiba_AI_v2\keibaai\data\raw\html\ped\ped_2019105213_20251113T231658+0900_sha256=67c42efe.html
2025-11-13 23:16:58,508 - __main__ - INFO - メタデータをデータベースに保存しました: https://db.netkeiba.com/horse/ped/2019105213
2025-11-13 23:17:07,547 - src.modules.preparing._requests_utils - INFO - Successfully fetched HTML from https://db.netkeiba.com/horse/2019103753
2025-11-13 23:17:07,549 - __main__ - INFO - horse HTMLを保存しました: C:\Users\zk-ht\Keiba\Keiba_AI_v2\keibaai\data\raw\html\horse\horse_2019103753_20251113T231707+0900_sha256=c2b0de2c.html
2025-11-13 23:17:07,552 - __main__ - INFO - メタデータをデータベースに保存しました: https://db.netkeiba.com/horse/2019103753
2025-11-13 23:17:11,007 - src.modules.preparing._requests_utils - INFO - Successfully fetched HTML from https://db.netkeiba.com/horse/ped/2019103753
2025-11-13 23:17:11,008 - __main__ - INFO - ped HTMLを保存しました: C:\Users\zk-ht\Keiba\Keiba_AI_v2\keibaai\data\raw\html\ped\ped_2019103753_20251113T231711+0900_sha256=f394243b.html
2025-11-13 23:17:11,011 - __main__ - INFO - メタデータをデータベースに保存しました: https://db.netkeiba.com/horse/ped/2019103753
2025-11-13 23:17:19,418 - src.modules.preparing._requests_utils - INFO - Successfully fetched HTML from https://db.netkeiba.com/horse/2019105565
2025-11-13 23:17:19,419 - __main__ - INFO - horse HTMLを保存しました: C:\Users\zk-ht\Keiba\Keiba_AI_v2\keibaai\data\raw\html\horse\horse_2019105565_20251113T231719+0900_sha256=cded5ee2.html
2025-11-13 23:17:19,421 - __main__ - INFO - メタデータをデータベースに保存しました: https://db.netkeiba.com/horse/2019105565
2025-11-13 23:17:22,970 - src.modules.preparing._requests_utils - INFO - Successfully fetched HTML from https://db.netkeiba.com/horse/ped/2019105565
2025-11-13 23:17:22,973 - __main__ - INFO - ped HTMLを保存しました: C:\Users\zk-ht\Keiba\Keiba_AI_v2\keibaai\data\raw\html\ped\ped_2019105565_20251113T231722+0900_sha256=4c6cf0c2.html
2025-11-13 23:17:22,990 - __main__ - INFO - メタデータをデータベースに保存しました: https://db.netkeiba.com/horse/ped/2019105565
2025-11-13 23:17:29,188 - src.modules.preparing._requests_utils - INFO - Successfully fetched HTML from https://db.netkeiba.com/horse/2018101871
2025-11-13 23:17:29,190 - __main__ - INFO - horse HTMLを保存しました: C:\Users\zk-ht\Keiba\Keiba_AI_v2\keibaai\data\raw\html\horse\horse_2018101871_20251113T231729+0900_sha256=5d884559.html
2025-11-13 23:17:29,199 - __main__ - INFO - メタデータをデータベースに保存しました: https://db.netkeiba.com/horse/2018101871
2025-11-13 23:17:37,345 - src.modules.preparing._requests_utils - INFO - Successfully fetched HTML from https://db.netkeiba.com/horse/ped/2018101871
2025-11-13 23:17:37,351 - __main__ - INFO - ped HTMLを保存しました: C:\Users\zk-ht\Keiba\Keiba_AI_v2\keibaai\data\raw\html\ped\ped_2018101871_20251113T231737+0900_sha256=9b619143.html
2025-11-13 23:17:37,355 - __main__ - INFO - メタデータをデータベースに保存しました: https://db.netkeiba.com/horse/ped/2018101871
2025-11-13 23:17:37,355 - __main__ - INFO - 当日バッチ処理（オッズ取得）を開始...
2025-11-13 23:17:37,357 - src.modules.preparing._scrape_jra_odds - INFO - JRAオッズのダミー生成を開始: 202305020811
2025-11-13 23:17:37,360 - src.modules.preparing._scrape_jra_odds - INFO - ダミーオッズデータを保存しました: C:\Users\zk-ht\Keiba\Keiba_AI_v2\keibaai\data\raw\json\jra_odds\202305020811_snapshot_20251113T231737+0900_sha256=7f4020ed.json
2025-11-13 23:17:37,363 - src.modules.preparing._scrape_jra_odds - INFO - メタデータをデータベースに保存しました: https://www.jra.go.jp/dummy/odds/202305020811
2025-11-13 23:17:37,363 - __main__ - INFO - 当日バッチ処理が完了。
2025-11-13 23:17:37,363 - __main__ - INFO - データベース接続をクローズしました。
2025-11-13 23:17:37,363 - __main__ - INFO - スクレイピングパイプラインが終了しました。
