2025-11-14 21:35:07,104 - root - INFO - ロギングが正常に設定されました。ログファイル: ${logs_path}/2025/11/14/pipeline.log
2025-11-14 21:35:07,104 - root - INFO - ============================================================
2025-11-14 21:35:07,105 - root - INFO - Keiba AI μモデル評価パイプライン開始
2025-11-14 21:35:07,105 - root - INFO - ============================================================
2025-11-14 21:35:07,105 - root - INFO - 評価期間: 2024-01-01 - 2024-12-31
2025-11-14 21:35:07,105 - root - INFO - 評価対象モデル: keibaai/data/models/mu_model_v2
2025-11-14 21:35:07,139 - root - INFO - μモデルを keibaai\data\models\mu_model_v2 からロードしました
2025-11-14 21:35:07,139 - root - INFO - 33個の特徴量を持つモデルをロードしました
2025-11-14 21:35:07,148 - root - WARNING - pyarrow.datasetでの読み込みに失敗しました（フォールバック実行）: Error creating dataset. Could not read schema from 'C:/Users/zk-ht/Keiba/Keiba_AI_v2/keibaai/data/features/parquet/feature_names.yaml'. Is this a 'parquet' file?: Could not open Parquet input source 'C:/Users/zk-ht/Keiba/Keiba_AI_v2/keibaai/data/features/parquet/feature_names.yaml': Parquet magic bytes not found in footer. Either the file is corrupted or this is not a parquet file.
2025-11-14 21:35:08,622 - root - INFO - 読み込み成功 (フォールバック): 479815行 from 67 files
2025-11-14 21:35:09,063 - root - INFO - 評価用データの準備完了: 46752行
2025-11-14 21:35:09,206 - root - INFO - 予測スコアの計算が完了しました。
2025-11-14 21:35:09,206 - root - INFO - 評価指標の計算を開始します...
2025-11-14 21:35:09,242 - root - INFO - [Regressor評価] タイム予測RMSE: 21.9437 秒
2025-11-14 21:35:10,170 - root - INFO - [Ranker評価] スピアマン順位相関係数 (予測スコア vs 着順):
2025-11-14 21:35:10,171 - root - INFO -   - 平均: 0.1477
2025-11-14 21:35:10,171 - root - INFO -   - 中央値: 0.1642
2025-11-14 21:35:10,171 - root - INFO -   - 標準偏差: 0.2954
2025-11-14 21:35:10,171 - root - INFO -   (注: 予測スコアが高いほど良い順位と予測するため、この値が負に大きく振れるほど良いモデルです)
2025-11-14 21:35:10,171 - root - INFO - ============================================================
2025-11-14 21:35:10,171 - root - INFO - Keiba AI μモデル評価パイプライン完了
2025-11-14 21:35:10,171 - root - INFO - ============================================================
2025-11-14 21:40:21,364 - root - INFO - ロギングが正常に設定されました。ログファイル: ${logs_path}/2025/11/14/pipeline.log
2025-11-14 21:40:21,364 - root - INFO - ============================================================
2025-11-14 21:40:21,364 - root - INFO - Keiba AI μモデル評価パイプライン開始
2025-11-14 21:40:21,364 - root - INFO - ============================================================
2025-11-14 21:40:21,364 - root - INFO - 評価期間: 2024-01-01 - 2024-12-31
2025-11-14 21:40:21,364 - root - INFO - 評価対象モデル: keibaai/data/models/mu_model_v2
2025-11-14 21:40:21,370 - root - INFO - μモデルを keibaai\data\models\mu_model_v2 からロードしました
2025-11-14 21:40:21,370 - root - INFO - 33個の特徴量を持つモデルをロードしました
2025-11-14 21:40:21,375 - root - WARNING - pyarrow.datasetでの読み込みに失敗しました（フォールバック実行）: Path C:/Users/zk-ht/Keiba/Keiba_AI_v2/keibaai/data/features/parquet/year=2020 points to a directory, but only file paths are supported. To construct a nested or union dataset pass a list of dataset objects instead.
2025-11-14 21:40:22,964 - root - INFO - 読み込み成功 (フォールバック): 491555行 from 68 files
2025-11-14 21:40:23,412 - root - INFO - 評価用データの準備完了: 46752行
2025-11-14 21:40:23,550 - root - INFO - 予測スコアの計算が完了しました。
2025-11-14 21:40:23,551 - root - INFO - 評価指標の計算を開始します...
2025-11-14 21:40:23,585 - root - INFO - [Regressor評価] タイム予測RMSE: 21.9437 秒
2025-11-14 21:40:24,560 - root - INFO - [Ranker評価] スピアマン順位相関係数 (予測スコア vs 着順):
2025-11-14 21:40:24,561 - root - INFO -   - 平均: 0.1477
2025-11-14 21:40:24,561 - root - INFO -   - 中央値: 0.1642
2025-11-14 21:40:24,561 - root - INFO -   - 標準偏差: 0.2954
2025-11-14 21:40:24,561 - root - INFO -   (注: 予測スコアが低いほど良い順位（着順が小さい）と予測するため、この値が正に大きく振れるほど良いモデルです)
2025-11-14 21:40:24,562 - root - INFO - ============================================================
2025-11-14 21:40:24,562 - root - INFO - Keiba AI μモデル評価パイプライン完了
2025-11-14 21:40:24,562 - root - INFO - ============================================================
2025-11-14 21:41:19,864 - root - INFO - ロギングが正常に設定されました。ログファイル: ${logs_path}/2025/11/14/pipeline.log
2025-11-14 21:41:19,864 - root - INFO - ============================================================
2025-11-14 21:41:19,864 - root - INFO - Keiba AI μモデル評価パイプライン開始
2025-11-14 21:41:19,864 - root - INFO - ============================================================
2025-11-14 21:41:19,864 - root - INFO - 評価期間: 2024-01-01 - 2024-12-31
2025-11-14 21:41:19,864 - root - INFO - 評価対象モデル: keibaai/data/models/mu_model_v2
2025-11-14 21:41:19,872 - root - INFO - μモデルを keibaai\data\models\mu_model_v2 からロードしました
2025-11-14 21:41:19,872 - root - INFO - 33個の特徴量を持つモデルをロードしました
2025-11-14 21:41:21,436 - root - INFO - 読み込み成功: 491555行 from 68 files
2025-11-14 21:41:21,879 - root - INFO - 評価用データの準備完了: 46752行
2025-11-14 21:41:22,012 - root - INFO - 予測スコアの計算が完了しました。
2025-11-14 21:41:22,013 - root - INFO - 評価指標の計算を開始します...
2025-11-14 21:41:22,047 - root - INFO - [Regressor評価] タイム予測RMSE: 21.9437 秒
2025-11-14 21:41:22,986 - root - INFO - [Ranker評価] スピアマン順位相関係数 (予測スコア vs 着順):
2025-11-14 21:41:22,986 - root - INFO -   - 平均: 0.1477
2025-11-14 21:41:22,987 - root - INFO -   - 中央値: 0.1642
2025-11-14 21:41:22,987 - root - INFO -   - 標準偏差: 0.2954
2025-11-14 21:41:22,987 - root - INFO -   (注: 予測スコアが低いほど良い順位（着順が小さい）と予測するため、この値が正に大きく振れるほど良いモデルです)
2025-11-14 21:41:22,987 - root - INFO - ============================================================
2025-11-14 21:41:22,987 - root - INFO - Keiba AI μモデル評価パイプライン完了
2025-11-14 21:41:22,988 - root - INFO - ============================================================
2025-11-14 21:42:00,685 - root - INFO - ロギングが正常に設定されました。ログファイル: ${logs_path}/2025/11/14/pipeline.log
2025-11-14 21:42:00,686 - root - INFO - ============================================================
2025-11-14 21:42:00,686 - root - INFO - Keiba AI μモデル評価パイプライン開始
2025-11-14 21:42:00,686 - root - INFO - ============================================================
2025-11-14 21:42:00,686 - root - INFO - 評価期間: 2024-01-01 - 2024-12-31
2025-11-14 21:42:00,686 - root - INFO - 評価対象モデル: keibaai/data/models/mu_model_v2
2025-11-14 21:42:00,692 - root - INFO - μモデルを keibaai\data\models\mu_model_v2 からロードしました
2025-11-14 21:42:00,693 - root - INFO - 33個の特徴量を持つモデルをロードしました
2025-11-14 21:42:02,309 - root - INFO - 読み込み成功: 491555行 from 68 files
2025-11-14 21:42:02,739 - root - INFO - 評価用データの準備完了: 46752行
2025-11-14 21:42:02,876 - root - INFO - 予測スコアの計算が完了しました。
2025-11-14 21:42:02,877 - root - INFO - 評価指標の計算を開始します...
2025-11-14 21:42:02,912 - root - INFO - [Regressor評価] タイム予測RMSE: 21.9437 秒
2025-11-14 21:42:03,868 - root - INFO - [Ranker評価] スピアマン順位相関係数 (予測スコア vs 着順):
2025-11-14 21:42:03,868 - root - INFO -   - 平均: 0.1477
2025-11-14 21:42:03,869 - root - INFO -   - 中央値: 0.1642
2025-11-14 21:42:03,869 - root - INFO -   - 標準偏差: 0.2954
2025-11-14 21:42:03,869 - root - INFO -   (注: 予測スコアが低いほど良い順位（着順が小さい）と予測するため、この値が正に大きく振れるほど良いモデルです)
2025-11-14 21:42:03,869 - root - INFO - ============================================================
2025-11-14 21:42:03,869 - root - INFO - Keiba AI μモデル評価パイプライン完了
2025-11-14 21:42:03,870 - root - INFO - ============================================================
